<?xml version="1.0" encoding="UTF-8"?>
<!-- Generated by org.testng.reporters.JUnitReportReporter -->
<testsuite hostname="IN-HB8L473" failures="0" tests="1" name="com.api.runner.TestRunner" time="7.793" errors="0" timestamp="17 Aug 2022 15:06:28 GMT" skipped="0">
  <testcase classname="com.api.runner.TestRunner" name="runScenario" time="7.793"/>
</testsuite> <!-- com.api.runner.TestRunner -->
