<?xml version="1.0" encoding="UTF-8"?>
<!-- Generated by org.testng.reporters.JUnitReportReporter -->
<testsuite hostname="IN-HB8L473" failures="0" tests="7" name="com.api.runner.TestRunner" time="11.371" errors="0" timestamp="13 Aug 2022 09:50:26 GMT" skipped="0">
  <testcase classname="com.api.runner.TestRunner" name="runScenario" time="0.777"/>
  <testcase classname="com.api.runner.TestRunner" name="runScenario" time="1.000"/>
  <testcase classname="com.api.runner.TestRunner" name="runScenario" time="0.781"/>
  <testcase classname="com.api.runner.TestRunner" name="runScenario" time="0.896"/>
  <testcase classname="com.api.runner.TestRunner" name="runScenario" time="6.242"/>
  <testcase classname="com.api.runner.TestRunner" name="runScenario" time="0.785"/>
  <testcase classname="com.api.runner.TestRunner" name="runScenario" time="0.890"/>
</testsuite> <!-- com.api.runner.TestRunner -->
